<?xml version="1.0" encoding="UTF-8"?>
<!-- Generated by org.testng.reporters.JUnitReportReporter -->
<testsuite skipped="0" hostname="ip-172-31-16-144" name="apiChaining.TestClass" tests="1" failures="0" timestamp="23 Jul 2023 19:07:31 GMT" time="3.428" errors="0">
  <testcase name="runtestCases" time="3.428" classname="apiChaining.TestClass"/>
</testsuite> <!-- apiChaining.TestClass -->
